{"/Users/Damoon/Desktop/CYF-WORKS/CYF-Workshops/time-string/time-string.js": {"path":"/Users/Damoon/Desktop/CYF-WORKS/CYF-Workshops/time-string/time-string.js","statementMap":{"0":{"start":{"line":2,"column":2},"end":{"line":2,"column":32}},"1":{"start":{"line":3,"column":2},"end":{"line":3,"column":28}},"2":{"start":{"line":4,"column":2},"end":{"line":4,"column":31}},"3":{"start":{"line":7,"column":2},"end":{"line":11,"column":3}},"4":{"start":{"line":8,"column":4},"end":{"line":8,"column":38}},"5":{"start":{"line":10,"column":4},"end":{"line":10,"column":57}},"6":{"start":{"line":13,"column":0},"end":{"line":13,"column":42}},"7":{"start":{"line":15,"column":0},"end":{"line":15,"column":46}},"8":{"start":{"line":16,"column":0},"end":{"line":16,"column":41}}},"fnMap":{"0":{"name":"formatAsSecondsAsString","decl":{"start":{"line":1,"column":9},"end":{"line":1,"column":32}},"loc":{"start":{"line":1,"column":38},"end":{"line":12,"column":1}},"line":1}},"branchMap":{"0":{"loc":{"start":{"line":7,"column":2},"end":{"line":11,"column":3}},"type":"if","locations":[{"start":{"line":7,"column":2},"end":{"line":11,"column":3}},{"start":{"line":9,"column":9},"end":{"line":11,"column":3}}],"line":7}},"s":{"0":3,"1":3,"2":3,"3":3,"4":1,"5":2,"6":1,"7":1,"8":1},"f":{"0":3},"b":{"0":[1,2]},"_coverageSchema":"1a1c01bbd47fc00a2c39e90264f33305004495a9","hash":"fd32d6089b1997c8bdb63bfcf396bd08ac2a6df4"}
}
